1. select * from productions where year IS NULL;

Expected:

                                                        QUERY PLAN
--------------------------------------------------------------------------------------------------------------------------
 Seq Scan on productions  (cost=0.00..247994.35 rows=1438724 width=71) (actual time=0.016..1316.178 rows=1428869 loops=1)
   Filter: (year IS NULL)
   Rows Removed by Filter: 9841886
 Planning time: 1.190 ms
 Execution time: 1361.745 ms
(5 rows)

Actual:
select count(*) from productions where year IS NULL;

  count
---------
 1428869
(1 row)

a) Obtain selectivity from the null_frac relation for productions
imdb=> select null_frac from pg_stats where tablename = 'productions';

 null_frac
-----------
         0 // id
         0 // title
         0 // originaltitle
         0 // ptype
    0.1277 // year selectivity
  0.987667 // endyear
      0.67 // runtime

imdb=> select reltuples from pg_class where relname = 'productions';

  reltuples
-------------
 1.12664e+07
(1 row)


b) Compute selectivity
(1.12664e+07)*(0.1277) = 1438719

2. select * from productions where year = 2014;

Expected:

                                                              QUERY PLAN                              
--------------------------------------------------------------------------------------------------------------------------------------
 Gather  (cost=1000.00..229634.85 rows=346255 width=71) (actual time=0.471..597.731 rows=364384 loops=1)
   Workers Planned: 2
   Workers Launched: 2
   ->  Parallel Seq Scan on productions  (cost=0.00..194009.35 rows=144273 width=71) (actual time=0.320..508.085 rows=121461 loops=3)
         Filter: (year = 2014)
         Rows Removed by Filter: 3635457
 Planning time: 0.083 ms
 Execution time: 609.224 ms
(8 rows)

Actual:
select count(*) from productions where year = 2014;

 count
--------
 364384
(1 row)

a)
with numbered as (
        select  row_number() over() as i,
                most_common_vals,
                attname
        from pg_stats
        where tablename = 'productions'

),
pos as (
        select
                i,
                array_position(most_common_vals::text::int[], 2014) as j
        from numbered
        where attname = 'year'
        and 2014 = any (most_common_vals::text::int[])
),

freqs_numbered as (
        select row_number() over() as k,
                most_common_freqs
        from pg_stats
        where tablename = 'productions'
)

select most_common_freqs[(select j from pos)] from freqs_numbered
where k = (select i from pos);


 most_common_freqs
-------------------
         0.0307333

b) Compute Selectivity
(1.12664e+07) * (0.0307333) = 346254

3. select * from productions where year > 1990 and year <=1992;

Expected:

                                                             QUERY PLAN
------------------------------------------------------------------------------------------------------------------------------------
 Gather  (cost=1000.00..219548.42 rows=128032 width=71) (actual time=0.321..564.623 rows=116424 loops=1)
   Workers Planned: 2
   Workers Launched: 2
   ->  Parallel Seq Scan on productions  (cost=0.00..205745.22 rows=53347 width=71) (actual time=0.274..526.471 rows=38808 loops=3)
         Filter: ((year > 1990) AND (year <= 1992))
         Rows Removed by Filter: 3718110
 Planning time: 0.088 ms
 Execution time: 568.774 ms
(8 rows)

Actual:
select count(*) from productions where year > 1990 and year <=1992;

 count
--------
 116424
(1 row)


4. select * from productions where year IS NULL and year = 2014;

Expected:

                                                            QUERY PLAN
-----------------------------------------------------------------------------------------------------------------------------------
 Index Scan using prodyearidx on productions  (cost=0.43..148248.24 rows=44217 width=71) (actual time=0.003..0.003 rows=0 loops=1)
   Index Cond: ((year IS NULL) AND (year = 2014))
 Planning time: 0.081 ms
 Execution time: 0.017 ms
(4 rows)
 
Actual:
select count(*) from productions where year IS NULL and year = 2014;

 id | title | originaltitle | ptype | year | endyear | runtime
----+-------+---------------+-------+------+---------+---------
(0 rows)



## Notes

pg_statistic (where stats are stored) not publicly readable.

pg_stats:
View with information (retrieved from pg_statistic) on the rows of the tables the user has read access to. We read a subset of pg_statistic.

The information consists of approximations to the true table's statistics 
such as values for index expresssions.
Statistics need to be general so pg_statistic has 'slots' to store information about a table.

pg_class:
Type of entity that describes tables and other objects with columns. 


imdb=> \d pg_stats
                     View "pg_catalog.pg_stats"
         Column         |   Type   | Collation | Nullable | Default
------------------------+----------+-----------+----------+---------
 schemaname             | name     |           |          |
 tablename              | name     |           |          |
 attname                | name     |           |          |
 inherited              | boolean  |           |          |
 null_frac              | real     |           |          |
 avg_width              | integer  |           |          |
 n_distinct             | real     |           |          |
 most_common_vals       | anyarray |           |          |
 most_common_freqs      | real[]   |           |          |
 histogram_bounds       | anyarray |           |          |
 correlation            | real     |           |          |
 most_common_elems      | anyarray |           |          |
 most_common_elem_freqs | real[]   |           |          |
 elem_count_histogram   | real[]   |           |          |


imdb=> \d pg_stat
pg_stat_activity                  pg_statistic_ext_oid_index
pg_stat_all_indexes               pg_statistic_ext_relid_index
pg_stat_all_tables                pg_statistic_relid_att_inh_index
pg_stat_archiver                  pg_stat_progress_vacuum
pg_stat_bgwriter                  pg_stat_replication
pg_stat_database                  pg_stats
pg_stat_database_conflicts        pg_stat_ssl
pg_statio_all_indexes             pg_stat_subscription
pg_statio_all_sequences           pg_stat_sys_indexes
pg_statio_all_tables              pg_stat_sys_tables
pg_statio_sys_indexes             pg_stat_user_functions
pg_statio_sys_sequences           pg_stat_user_indexes
pg_statio_sys_tables              pg_stat_user_tables
pg_statio_user_indexes            pg_stat_wal_receiver
pg_statio_user_sequences          pg_stat_xact_all_tables
pg_statio_user_tables             pg_stat_xact_sys_tables
pg_statistic                      pg_stat_xact_user_functions
pg_statistic_ext                  pg_stat_xact_user_tables
pg_statistic_ext_name_index



pg_class                           pg_class_relname_nsp_index
pg_class_oid_index                 pg_class_tblspc_relfilenode_index
imdb=> \d pg_class
                     Table "pg_catalog.pg_class"
       Column        |     Type     | Collation | Nullable | Default
---------------------+--------------+-----------+----------+---------
 relname             | name         |           | not null |
 relnamespace        | oid          |           | not null |
 reltype             | oid          |           | not null |
 reloftype           | oid          |           | not null |
 relowner            | oid          |           | not null |
 relam               | oid          |           | not null |
 relfilenode         | oid          |           | not null |
 reltablespace       | oid          |           | not null |
 relpages            | integer      |           | not null |
 reltuples           | real         |           | not null |
 relallvisible       | integer      |           | not null |
 reltoastrelid       | oid          |           | not null |
 relhasindex         | boolean      |           | not null |
 relisshared         | boolean      |           | not null |
 relpersistence      | "char"       |           | not null |
 relkind             | "char"       |           | not null |
 relnatts            | smallint     |           | not null |
 relchecks           | smallint     |           | not null |
 relhasoids          | boolean      |           | not null |
 relhaspkey          | boolean      |           | not null |
 relhasrules         | boolean      |           | not null |
 relhastriggers      | boolean      |           | not null |
 relhassubclass      | boolean      |           | not null |
 relrowsecurity      | boolean      |           | not null |
 relforcerowsecurity | boolean      |           | not null |
 relispopulated      | boolean      |           | not null |
 relreplident        | "char"       |           | not null |
 relispartition      | boolean      |           | not null |
 relfrozenxid        | xid          |           | not null |
 relminmxid          | xid          |           | not null |
 relacl              | aclitem[]    |           |          |
 reloptions          | text[]       |           |          |
 relpartbound        | pg_node_tree |           |          |
